\BOOKMARK [1][-]{section.1}{\376\377\225\356\230\230\221\315\217\360}{}% 1
\BOOKMARK [2][-]{subsection.1.1}{\376\377\225\356\230\230\122\006\147\220}{section.1}% 2
\BOOKMARK [1][-]{section.2}{\376\377\152\041\127\213\120\107\213\276\116\016\173\046\123\367\213\364\146\016}{}% 3
\BOOKMARK [2][-]{subsection.2.1}{\376\377\127\372\147\054\120\107\213\276}{section.2}% 4
\BOOKMARK [2][-]{subsection.2.2}{\376\377\173\046\123\367\213\364\146\016}{section.2}% 5
\BOOKMARK [1][-]{section.3}{\376\377\225\356\230\230\116\000\377\032\227\131\140\001\120\134\217\146\127\072\172\172\225\362\217\146\117\115\122\006\221\115\152\041\127\213}{}% 6
\BOOKMARK [2][-]{subsection.3.1}{\376\377\225\356\230\230\143\317\217\360}{section.3}% 7
\BOOKMARK [2][-]{subsection.3.2}{\376\377\145\160\133\146\152\041\127\213}{section.3}% 8
\BOOKMARK [3][-]{subsubsection.3.2.1}{\376\377\123\357\210\114\217\271\226\306\147\204\136\372}{subsection.3.2}% 9
\BOOKMARK [3][-]{subsubsection.3.2.2}{\376\377\121\263\173\126\123\330\221\317}{subsection.3.2}% 10
\BOOKMARK [3][-]{subsubsection.3.2.3}{\376\377\226\066\153\265\116\000\377\032\147\000\131\047\127\372\145\160\123\071\221\115}{subsection.3.2}% 11
\BOOKMARK [3][-]{subsubsection.3.2.4}{\376\377\226\066\153\265\116\214\377\032\147\000\134\017\215\071\165\050\123\071\221\115}{subsection.3.2}% 12
\BOOKMARK [2][-]{subsection.3.3}{\376\377\154\102\211\343\145\271\154\325}{section.3}% 13
\BOOKMARK [2][-]{subsection.3.4}{\376\377\154\102\211\343\176\323\147\234\116\016\122\006\147\220}{section.3}% 14
\BOOKMARK [1][-]{section.4}{\376\377\225\356\230\230\116\214\377\032\145\366\225\364\176\246\147\137\116\013\166\204\217\146\117\115\122\006\221\115\152\041\127\213}{}% 15
\BOOKMARK [2][-]{subsection.4.1}{\376\377\225\356\230\230\143\317\217\360}{section.4}% 16
\BOOKMARK [2][-]{subsection.4.2}{\376\377\145\366\225\364\121\174\133\271\140\047\122\006\147\220}{section.4}% 17
\BOOKMARK [3][-]{subsubsection.4.2.1}{\376\377\145\366\153\265\133\214\121\150\211\206\166\326\147\141\116\366}{subsection.4.2}% 18
\BOOKMARK [3][-]{subsubsection.4.2.2}{\376\377\217\146\121\205\145\366\225\364\121\262\172\201}{subsection.4.2}% 19
\BOOKMARK [2][-]{subsection.4.3}{\376\377\155\367\124\010\145\164\145\160\176\277\140\047\211\304\122\022\152\041\127\213}{section.4}% 20
\BOOKMARK [3][-]{subsubsection.4.3.1}{\376\377\226\066\153\265\116\000\377\032\147\000\131\047\123\026\147\015\122\241\165\050\142\067\145\160}{subsection.4.3}% 21
\BOOKMARK [3][-]{subsubsection.4.3.2}{\376\377\226\066\153\265\116\214\377\032\147\000\134\017\123\026\140\073\153\145\210\114\215\335\171\273}{subsection.4.3}% 22
\BOOKMARK [2][-]{subsection.4.4}{\376\377\154\102\211\343\176\323\147\234\116\016\122\006\147\220}{section.4}% 23
\BOOKMARK [1][-]{section.5}{\376\377\225\356\230\230\116\011\377\032\127\050\176\277\133\236\145\366\214\003\136\246\173\227\154\325}{}% 24
\BOOKMARK [2][-]{subsection.5.1}{\376\377\225\356\230\230\143\317\217\360}{section.5}% 25
\BOOKMARK [2][-]{subsection.5.2}{\376\377\173\227\154\325\213\276\213\241\377\032\215\052\137\303\147\000\217\321\122\006\221\115\173\126\165\145\377\010\000G\000r\000e\000e\000d\000y\000-\000N\000e\000a\000r\000e\000s\000t\377\011}{section.5}% 26
\BOOKMARK [2][-]{subsection.5.3}{\376\377\176\317\232\214\140\047\200\375\153\324\133\232\116\111}{section.5}% 27
\BOOKMARK [2][-]{subsection.5.4}{\376\377\173\227\154\325\123\330\117\123\377\032\000G\000r\000e\000e\000d\000y\000-\000B\000a\000l\000a\000n\000c\000e\173\126\165\145}{section.5}% 28
\BOOKMARK [2][-]{subsection.5.5}{\376\377\154\102\211\343\176\323\147\234\116\016\122\006\147\220}{section.5}% 29
\BOOKMARK [1][-]{section.6}{\376\377\225\356\230\230\126\333\377\032\117\233\227\000\145\366\172\172\122\006\147\220\116\016\217\320\204\045\136\372\213\256}{}% 30
\BOOKMARK [2][-]{subsection.6.1}{\376\377\133\217\211\302\145\366\153\265\117\233\227\000\122\006\147\220\152\041\127\213}{section.6}% 31
\BOOKMARK [2][-]{subsection.6.2}{\376\377\145\366\136\217\117\233\227\000\162\171\137\201\122\006\147\220}{section.6}% 32
\BOOKMARK [2][-]{subsection.6.3}{\376\377\172\172\225\364\000-\145\366\225\364\160\355\122\233\126\376\122\006\147\220}{section.6}% 33
\BOOKMARK [2][-]{subsection.6.4}{\376\377\217\320\204\045\173\126\165\145\136\372\213\256}{section.6}% 34
\BOOKMARK [1][-]{section.7}{\376\377\145\117\141\037\136\246\122\006\147\220}{}% 35
\BOOKMARK [2][-]{subsection.7.1}{\376\377\153\145\210\114\215\335\171\273\226\010\120\074\145\117\141\037\136\246}{section.7}% 36
