This is XeTeX, Version 3.141592653-2.6-0.999997 (TeX Live 2025) (preloaded format=xelatex 2025.10.2)  31 MAY 2026 15:49
entering extended mode
 restricted \write18 enabled.
 %&-line parsing enabled.
**main_unified.tex
(./main_unified.tex
LaTeX2e <2024-11-01> patch level 2
L3 programming layer <2025-01-18>
(d:/Texlive2025/texlive/2025/texmf-dist/tex/latex/ctex/ctexart.cls
(d:/Texlive2025/texlive/2025/texmf-dist/tex/latex/ctex/config/ctexbackend.cfg
File: ctexbackend.cfg 2022/07/14 v2.5.10 Backend configuration file (CTEX)
)
(d:/Texlive2025/texlive/2025/texmf-dist/tex/latex/l3kernel/expl3.sty
Package: expl3 2025-01-18 L3 programming layer (loader) 

(d:/Texlive2025/texlive/2025/texmf-dist/tex/latex/l3backend/l3backend-xetex.def
File: l3backend-xetex.def 2024-05-08 L3 backend support: XeTeX
\g__graphics_track_int=\count192
\l__pdf_internal_box=\box52
\g__pdf_backend_annotation_int=\count193
\g__pdf_backend_link_int=\count194
))
Document Class: ctexart 2022/07/14 v2.5.10 Chinese adapter for class article (C
TEX)
(d:/Texlive2025/texlive/2025/texmf-dist/tex/latex/ctex/ctexhook.sty
Package: ctexhook 2022/07/14 v2.5.10 Document and package hooks (CTEX)
)
(d:/Texlive2025/texlive/2025/texmf-dist/tex/latex/ctex/ctexpatch.sty
Package: ctexpatch 2022/07/14 v2.5.10 Patching commands (CTEX)
)
(d:/Texlive2025/texlive/2025/texmf-dist/tex/latex/base/fix-cm.sty
Package: fix-cm 2020/11/24 v1.1t fixes to LaTeX

(d:/Texlive2025/texlive/2025/texmf-dist/tex/latex/base/ts1enc.def
File: ts1enc.def 2001/06/05 v3.0e (jk/car/fm) Standard LaTeX file
LaTeX Font Info:    Redeclaring font encoding TS1 on input line 47.
))
\l__ctex_tmp_int=\count195
\l__ctex_tmp_box=\box53
\l__ctex_tmp_dim=\dimen141
\g__ctex_section_depth_int=\count196
\g__ctex_font_size_int=\count197

(d:/Texlive2025/texlive/2025/texmf-dist/tex/latex/ctex/config/ctexopts.cfg
File: ctexopts.cfg 2022/07/14 v2.5.10 Option configuration file (CTEX)
)
(d:/Texlive2025/texlive/2025/texmf-dist/tex/latex/base/article.cls
Document Class: article 2024/06/29 v1.4n Standard LaTeX document class
(d:/Texlive2025/texlive/2025/texmf-dist/tex/latex/base/size12.clo
File: size12.clo 2024/06/29 v1.4n Standard LaTeX file (size option)
)
\c@part=\count198
\c@section=\count199
\c@subsection=\count266
\c@subsubsection=\count267
\c@paragraph=\count268
\c@subparagraph=\count269
\c@figure=\count270
\c@table=\count271
\abovecaptionskip=\skip49
\belowcaptionskip=\skip50
\bibindent=\dimen142
)
(d:/Texlive2025/texlive/2025/texmf-dist/tex/latex/ctex/engine/ctex-engine-xetex
.def
File: ctex-engine-xetex.def 2022/07/14 v2.5.10 XeLaTeX adapter (CTEX)
 (d:/Texlive2025/texlive/2025/texmf-dist/tex/xelatex/xecjk/xeCJK.sty
Package: xeCJK 2022/08/05 v3.9.1 Typesetting CJK scripts with XeLaTeX

(d:/Texlive2025/texlive/2025/texmf-dist/tex/latex/l3packages/xtemplate/xtemplat
e.sty
Package: xtemplate 2024-08-16 L3 Experimental prototype document functions
)
\l__xeCJK_tmp_int=\count272
\l__xeCJK_tmp_box=\box54
\l__xeCJK_tmp_dim=\dimen143
\l__xeCJK_tmp_skip=\skip51
\g__xeCJK_space_factor_int=\count273
\l__xeCJK_begin_int=\count274
\l__xeCJK_end_int=\count275
\c__xeCJK_CJK_class_int=\XeTeXcharclass1
\c__xeCJK_FullLeft_class_int=\XeTeXcharclass2
\c__xeCJK_FullRight_class_int=\XeTeXcharclass3
\c__xeCJK_HalfLeft_class_int=\XeTeXcharclass4
\c__xeCJK_HalfRight_class_int=\XeTeXcharclass5
\c__xeCJK_NormalSpace_class_int=\XeTeXcharclass6
\c__xeCJK_CM_class_int=\XeTeXcharclass7
\c__xeCJK_HangulJamo_class_int=\XeTeXcharclass8
\l__xeCJK_last_skip=\skip52
\c__xeCJK_none_node=\count276
\g__xeCJK_node_int=\count277
\c__xeCJK_CJK_node_dim=\dimen144
\c__xeCJK_CJK-space_node_dim=\dimen145
\c__xeCJK_default_node_dim=\dimen146
\c__xeCJK_CJK-widow_node_dim=\dimen147
\c__xeCJK_normalspace_node_dim=\dimen148
\c__xeCJK_default-space_node_skip=\skip53
\l__xeCJK_ccglue_skip=\skip54
\l__xeCJK_ecglue_skip=\skip55
\l__xeCJK_punct_kern_skip=\skip56
\l__xeCJK_indent_box=\box55
\l__xeCJK_last_penalty_int=\count278
\l__xeCJK_last_bound_dim=\dimen149
\l__xeCJK_last_kern_dim=\dimen150
\l__xeCJK_widow_penalty_int=\count279

LaTeX template Info: Declaring template type 'xeCJK/punctuation' taking 0
(template)           argument(s) on line 2396.

\l__xeCJK_fixed_punct_width_dim=\dimen151
\l__xeCJK_mixed_punct_width_dim=\dimen152
\l__xeCJK_middle_punct_width_dim=\dimen153
\l__xeCJK_fixed_margin_width_dim=\dimen154
\l__xeCJK_mixed_margin_width_dim=\dimen155
\l__xeCJK_middle_margin_width_dim=\dimen156
\l__xeCJK_bound_punct_width_dim=\dimen157
\l__xeCJK_bound_margin_width_dim=\dimen158
\l__xeCJK_margin_minimum_dim=\dimen159
\l__xeCJK_kerning_total_width_dim=\dimen160
\l__xeCJK_same_align_margin_dim=\dimen161
\l__xeCJK_different_align_margin_dim=\dimen162
\l__xeCJK_kerning_margin_width_dim=\dimen163
\l__xeCJK_kerning_margin_minimum_dim=\dimen164
\l__xeCJK_bound_dim=\dimen165
\l__xeCJK_reverse_bound_dim=\dimen166
\l__xeCJK_margin_dim=\dimen167
\l__xeCJK_minimum_bound_dim=\dimen168
\l__xeCJK_kerning_margin_dim=\dimen169
\g__xeCJK_family_int=\count280
\l__xeCJK_fam_int=\count281
\g__xeCJK_fam_allocation_int=\count282
\l__xeCJK_verb_case_int=\count283
\l__xeCJK_verb_exspace_skip=\skip57
 (d:/Texlive2025/texlive/2025/texmf-dist/tex/latex/fontspec/fontspec.sty
(d:/Texlive2025/texlive/2025/texmf-dist/tex/latex/l3packages/xparse/xparse.sty
Package: xparse 2024-08-16 L3 Experimental document command parser
)
Package: fontspec 2024/05/11 v2.9e Font selection for XeLaTeX and LuaLaTeX
(d:/Texlive2025/texlive/2025/texmf-dist/tex/latex/fontspec/fontspec-xetex.sty
Package: fontspec-xetex 2024/05/11 v2.9e Font selection for XeLaTeX and LuaLaTe
X
\l__fontspec_script_int=\count284
\l__fontspec_language_int=\count285
\l__fontspec_strnum_int=\count286
\l__fontspec_tmp_int=\count287
\l__fontspec_tmpa_int=\count288
\l__fontspec_tmpb_int=\count289
\l__fontspec_tmpc_int=\count290
\l__fontspec_em_int=\count291
\l__fontspec_emdef_int=\count292
\l__fontspec_strong_int=\count293
\l__fontspec_strongdef_int=\count294
\l__fontspec_tmpa_dim=\dimen170
\l__fontspec_tmpb_dim=\dimen171
\l__fontspec_tmpc_dim=\dimen172

(d:/Texlive2025/texlive/2025/texmf-dist/tex/latex/base/fontenc.sty
Package: fontenc 2021/04/29 v2.0v Standard LaTeX package
)
(d:/Texlive2025/texlive/2025/texmf-dist/tex/latex/fontspec/fontspec.cfg)))
(d:/Texlive2025/texlive/2025/texmf-dist/tex/xelatex/xecjk/xeCJK.cfg
File: xeCJK.cfg 2022/08/05 v3.9.1 Configuration file for xeCJK package
))
\ccwd=\dimen173
\l__ctex_ccglue_skip=\skip58
)
\l__ctex_ziju_dim=\dimen174

(d:/Texlive2025/texlive/2025/texmf-dist/tex/latex/zhnumber/zhnumber.sty
Package: zhnumber 2022/07/14 v3.0 Typesetting numbers with Chinese glyphs
\l__zhnum_scale_int=\count295
\l__zhnum_tmp_int=\count296

(d:/Texlive2025/texlive/2025/texmf-dist/tex/latex/zhnumber/zhnumber-utf8.cfg
File: zhnumber-utf8.cfg 2022/07/14 v3.0 Chinese numerals with UTF8 encoding
))
\l__ctex_heading_skip=\skip59

(d:/Texlive2025/texlive/2025/texmf-dist/tex/latex/ctex/scheme/ctex-scheme-chine
se-article.def
File: ctex-scheme-chinese-article.def 2022/07/14 v2.5.10 Chinese scheme for art
icle (CTEX)

(d:/Texlive2025/texlive/2025/texmf-dist/tex/latex/ctex/config/ctex-name-utf8.cf
g
File: ctex-name-utf8.cfg 2022/07/14 v2.5.10 Caption with encoding UTF-8 (CTEX)
))
(d:/Texlive2025/texlive/2025/texmf-dist/tex/latex/ctex/fontset/ctex-fontset-win
dows.def
File: ctex-fontset-windows.def 2022/07/14 v2.5.10 Windows fonts definition (CTE
X)

Package fontspec Info: 
(fontspec)             Could not resolve font "KaiTi/B" (it probably doesn't
(fontspec)             exist).


Package fontspec Info: 
(fontspec)             Could not resolve font "SimHei/I" (it probably doesn't
(fontspec)             exist).


Package fontspec Info: 
(fontspec)             Could not resolve font "SimSun/BI" (it probably doesn't
(fontspec)             exist).


Package fontspec Info: 
(fontspec)             Font family 'SimSun(0)' created for font 'SimSun' with
(fontspec)             options
(fontspec)             [Script={CJK},BoldFont={SimHei},ItalicFont={KaiTi}].
(fontspec)              
(fontspec)              This font family consists of the following NFSS
(fontspec)             series/shapes:
(fontspec)              
(fontspec)             - 'normal' (m/n) with NFSS spec.:
(fontspec)             <->"SimSun/OT:script=hani;language=dflt;"
(fontspec)             - 'bold' (b/n) with NFSS spec.:
(fontspec)             <->"SimHei/OT:script=hani;language=dflt;"
(fontspec)             - 'italic' (m/it) with NFSS spec.:
(fontspec)             <->"KaiTi/OT:script=hani;language=dflt;"

))
(d:/Texlive2025/texlive/2025/texmf-dist/tex/latex/ctex/config/ctex.cfg
File: ctex.cfg 2022/07/14 v2.5.10 Configuration file (CTEX)
)
(d:/Texlive2025/texlive/2025/texmf-dist/tex/latex/geometry/geometry.sty
Package: geometry 2020/01/02 v5.9 Page Geometry

(d:/Texlive2025/texlive/2025/texmf-dist/tex/latex/graphics/keyval.sty
Package: keyval 2022/05/29 v1.15 key=value parser (DPC)
\KV@toks@=\toks17
)
(d:/Texlive2025/texlive/2025/texmf-dist/tex/generic/iftex/ifvtex.sty
Package: ifvtex 2019/10/25 v1.7 ifvtex legacy package. Use iftex instead.

(d:/Texlive2025/texlive/2025/texmf-dist/tex/generic/iftex/iftex.sty
Package: iftex 2024/12/12 v1.0g TeX engine tests
))
\Gm@cnth=\count297
\Gm@cntv=\count298
\c@Gm@tempcnt=\count299
\Gm@bindingoffset=\dimen175
\Gm@wd@mp=\dimen176
\Gm@odd@mp=\dimen177
\Gm@even@mp=\dimen178
\Gm@layoutwidth=\dimen179
\Gm@layoutheight=\dimen180
\Gm@layouthoffset=\dimen181
\Gm@layoutvoffset=\dimen182
\Gm@dimlist=\toks18
)
(d:/Texlive2025/texlive/2025/texmf-dist/tex/latex/graphics/graphicx.sty
Package: graphicx 2021/09/16 v1.2d Enhanced LaTeX Graphics (DPC,SPQR)

(d:/Texlive2025/texlive/2025/texmf-dist/tex/latex/graphics/graphics.sty
Package: graphics 2024/08/06 v1.4g Standard LaTeX Graphics (DPC,SPQR)

(d:/Texlive2025/texlive/2025/texmf-dist/tex/latex/graphics/trig.sty
Package: trig 2023/12/02 v1.11 sin cos tan (DPC)
)
(d:/Texlive2025/texlive/2025/texmf-dist/tex/latex/graphics-cfg/graphics.cfg
File: graphics.cfg 2016/06/04 v1.11 sample graphics configuration
)
Package graphics Info: Driver file: xetex.def on input line 106.

(d:/Texlive2025/texlive/2025/texmf-dist/tex/latex/graphics-def/xetex.def
File: xetex.def 2022/09/22 v5.0n Graphics/color driver for xetex
))
\Gin@req@height=\dimen183
\Gin@req@width=\dimen184
)
(d:/Texlive2025/texlive/2025/texmf-dist/tex/latex/float/float.sty
Package: float 2001/11/08 v1.3d Float enhancements (AL)
\c@float@type=\count300
\float@exts=\toks19
\float@box=\box56
\@float@everytoks=\toks20
\@floatcapt=\box57
)
(d:/Texlive2025/texlive/2025/texmf-dist/tex/latex/pgf/frontendlayer/tikz.sty
(d:/Texlive2025/texlive/2025/texmf-dist/tex/latex/pgf/basiclayer/pgf.sty
(d:/Texlive2025/texlive/2025/texmf-dist/tex/latex/pgf/utilities/pgfrcs.sty
(d:/Texlive2025/texlive/2025/texmf-dist/tex/generic/pgf/utilities/pgfutil-commo
n.tex
\pgfutil@everybye=\toks21
\pgfutil@tempdima=\dimen185
\pgfutil@tempdimb=\dimen186
)
(d:/Texlive2025/texlive/2025/texmf-dist/tex/generic/pgf/utilities/pgfutil-latex
.def
\pgfutil@abb=\box58
)
(d:/Texlive2025/texlive/2025/texmf-dist/tex/generic/pgf/utilities/pgfrcs.code.t
ex (d:/Texlive2025/texlive/2025/texmf-dist/tex/generic/pgf/pgf.revision.tex)
Package: pgfrcs 2023-01-15 v3.1.10 (3.1.10)
))
Package: pgf 2023-01-15 v3.1.10 (3.1.10)

(d:/Texlive2025/texlive/2025/texmf-dist/tex/latex/pgf/basiclayer/pgfcore.sty
(d:/Texlive2025/texlive/2025/texmf-dist/tex/latex/pgf/systemlayer/pgfsys.sty
(d:/Texlive2025/texlive/2025/texmf-dist/tex/generic/pgf/systemlayer/pgfsys.code
.tex
Package: pgfsys 2023-01-15 v3.1.10 (3.1.10)

(d:/Texlive2025/texlive/2025/texmf-dist/tex/generic/pgf/utilities/pgfkeys.code.
tex
\pgfkeys@pathtoks=\toks22
\pgfkeys@temptoks=\toks23

(d:/Texlive2025/texlive/2025/texmf-dist/tex/generic/pgf/utilities/pgfkeyslibrar
yfiltered.code.tex
\pgfkeys@tmptoks=\toks24
))
\pgf@x=\dimen187
\pgf@y=\dimen188
\pgf@xa=\dimen189
\pgf@ya=\dimen190
\pgf@xb=\dimen191
\pgf@yb=\dimen192
\pgf@xc=\dimen193
\pgf@yc=\dimen194
\pgf@xd=\dimen195
\pgf@yd=\dimen196
\w@pgf@writea=\write3
\r@pgf@reada=\read2
\c@pgf@counta=\count301
\c@pgf@countb=\count302
\c@pgf@countc=\count303
\c@pgf@countd=\count304
\t@pgf@toka=\toks25
\t@pgf@tokb=\toks26
\t@pgf@tokc=\toks27
\pgf@sys@id@count=\count305

(d:/Texlive2025/texlive/2025/texmf-dist/tex/generic/pgf/systemlayer/pgf.cfg
File: pgf.cfg 2023-01-15 v3.1.10 (3.1.10)
)
Driver file for pgf: pgfsys-xetex.def

(d:/Texlive2025/texlive/2025/texmf-dist/tex/generic/pgf/systemlayer/pgfsys-xete
x.def
File: pgfsys-xetex.def 2023-01-15 v3.1.10 (3.1.10)

(d:/Texlive2025/texlive/2025/texmf-dist/tex/generic/pgf/systemlayer/pgfsys-dvip
dfmx.def
File: pgfsys-dvipdfmx.def 2023-01-15 v3.1.10 (3.1.10)

(d:/Texlive2025/texlive/2025/texmf-dist/tex/generic/pgf/systemlayer/pgfsys-comm
on-pdf.def
File: pgfsys-common-pdf.def 2023-01-15 v3.1.10 (3.1.10)
)
\pgfsys@objnum=\count306
)))
(d:/Texlive2025/texlive/2025/texmf-dist/tex/generic/pgf/systemlayer/pgfsyssoftp
ath.code.tex
File: pgfsyssoftpath.code.tex 2023-01-15 v3.1.10 (3.1.10)
\pgfsyssoftpath@smallbuffer@items=\count307
\pgfsyssoftpath@bigbuffer@items=\count308
)
(d:/Texlive2025/texlive/2025/texmf-dist/tex/generic/pgf/systemlayer/pgfsysproto
col.code.tex
File: pgfsysprotocol.code.tex 2023-01-15 v3.1.10 (3.1.10)
))
(d:/Texlive2025/texlive/2025/texmf-dist/tex/latex/xcolor/xcolor.sty
Package: xcolor 2024/09/29 v3.02 LaTeX color extensions (UK)

(d:/Texlive2025/texlive/2025/texmf-dist/tex/latex/graphics-cfg/color.cfg
File: color.cfg 2016/01/02 v1.6 sample color configuration
)
Package xcolor Info: Driver file: xetex.def on input line 274.

(d:/Texlive2025/texlive/2025/texmf-dist/tex/latex/graphics/mathcolor.ltx)
Package xcolor Info: Model `cmy' substituted by `cmy0' on input line 1349.
Package xcolor Info: Model `RGB' extended on input line 1365.
Package xcolor Info: Model `HTML' substituted by `rgb' on input line 1367.
Package xcolor Info: Model `Hsb' substituted by `hsb' on input line 1368.
Package xcolor Info: Model `tHsb' substituted by `hsb' on input line 1369.
Package xcolor Info: Model `HSB' substituted by `hsb' on input line 1370.
Package xcolor Info: Model `Gray' substituted by `gray' on input line 1371.
Package xcolor Info: Model `wave' substituted by `hsb' on input line 1372.
)
(d:/Texlive2025/texlive/2025/texmf-dist/tex/generic/pgf/basiclayer/pgfcore.code
.tex
Package: pgfcore 2023-01-15 v3.1.10 (3.1.10)

(d:/Texlive2025/texlive/2025/texmf-dist/tex/generic/pgf/math/pgfmath.code.tex
(d:/Texlive2025/texlive/2025/texmf-dist/tex/generic/pgf/math/pgfmathutil.code.t
ex)
(d:/Texlive2025/texlive/2025/texmf-dist/tex/generic/pgf/math/pgfmathparser.code
.tex
\pgfmath@dimen=\dimen197
\pgfmath@count=\count309
\pgfmath@box=\box59
\pgfmath@toks=\toks28
\pgfmath@stack@operand=\toks29
\pgfmath@stack@operation=\toks30
)
(d:/Texlive2025/texlive/2025/texmf-dist/tex/generic/pgf/math/pgfmathfunctions.c
ode.tex)
(d:/Texlive2025/texlive/2025/texmf-dist/tex/generic/pgf/math/pgfmathfunctions.b
asic.code.tex)
(d:/Texlive2025/texlive/2025/texmf-dist/tex/generic/pgf/math/pgfmathfunctions.t
rigonometric.code.tex)
(d:/Texlive2025/texlive/2025/texmf-dist/tex/generic/pgf/math/pgfmathfunctions.r
andom.code.tex)
(d:/Texlive2025/texlive/2025/texmf-dist/tex/generic/pgf/math/pgfmathfunctions.c
omparison.code.tex)
(d:/Texlive2025/texlive/2025/texmf-dist/tex/generic/pgf/math/pgfmathfunctions.b
ase.code.tex)
(d:/Texlive2025/texlive/2025/texmf-dist/tex/generic/pgf/math/pgfmathfunctions.r
ound.code.tex)
(d:/Texlive2025/texlive/2025/texmf-dist/tex/generic/pgf/math/pgfmathfunctions.m
isc.code.tex)
(d:/Texlive2025/texlive/2025/texmf-dist/tex/generic/pgf/math/pgfmathfunctions.i
ntegerarithmetics.code.tex)
(d:/Texlive2025/texlive/2025/texmf-dist/tex/generic/pgf/math/pgfmathcalc.code.t
ex)
(d:/Texlive2025/texlive/2025/texmf-dist/tex/generic/pgf/math/pgfmathfloat.code.
tex
\c@pgfmathroundto@lastzeros=\count310
))
(d:/Texlive2025/texlive/2025/texmf-dist/tex/generic/pgf/math/pgfint.code.tex)
(d:/Texlive2025/texlive/2025/texmf-dist/tex/generic/pgf/basiclayer/pgfcorepoint
s.code.tex
File: pgfcorepoints.code.tex 2023-01-15 v3.1.10 (3.1.10)
\pgf@picminx=\dimen198
\pgf@picmaxx=\dimen199
\pgf@picminy=\dimen256
\pgf@picmaxy=\dimen257
\pgf@pathminx=\dimen258
\pgf@pathmaxx=\dimen259
\pgf@pathminy=\dimen260
\pgf@pathmaxy=\dimen261
\pgf@xx=\dimen262
\pgf@xy=\dimen263
\pgf@yx=\dimen264
\pgf@yy=\dimen265
\pgf@zx=\dimen266
\pgf@zy=\dimen267
)
(d:/Texlive2025/texlive/2025/texmf-dist/tex/generic/pgf/basiclayer/pgfcorepathc
onstruct.code.tex
File: pgfcorepathconstruct.code.tex 2023-01-15 v3.1.10 (3.1.10)
\pgf@path@lastx=\dimen268
\pgf@path@lasty=\dimen269
)
(d:/Texlive2025/texlive/2025/texmf-dist/tex/generic/pgf/basiclayer/pgfcorepathu
sage.code.tex
File: pgfcorepathusage.code.tex 2023-01-15 v3.1.10 (3.1.10)
\pgf@shorten@end@additional=\dimen270
\pgf@shorten@start@additional=\dimen271
)
(d:/Texlive2025/texlive/2025/texmf-dist/tex/generic/pgf/basiclayer/pgfcorescope
s.code.tex
File: pgfcorescopes.code.tex 2023-01-15 v3.1.10 (3.1.10)
\pgfpic=\box60
\pgf@hbox=\box61
\pgf@layerbox@main=\box62
\pgf@picture@serial@count=\count311
)
(d:/Texlive2025/texlive/2025/texmf-dist/tex/generic/pgf/basiclayer/pgfcoregraph
icstate.code.tex
File: pgfcoregraphicstate.code.tex 2023-01-15 v3.1.10 (3.1.10)
\pgflinewidth=\dimen272
)
(d:/Texlive2025/texlive/2025/texmf-dist/tex/generic/pgf/basiclayer/pgfcoretrans
formations.code.tex
File: pgfcoretransformations.code.tex 2023-01-15 v3.1.10 (3.1.10)
\pgf@pt@x=\dimen273
\pgf@pt@y=\dimen274
\pgf@pt@temp=\dimen275
)
(d:/Texlive2025/texlive/2025/texmf-dist/tex/generic/pgf/basiclayer/pgfcorequick
.code.tex
File: pgfcorequick.code.tex 2023-01-15 v3.1.10 (3.1.10)
)
(d:/Texlive2025/texlive/2025/texmf-dist/tex/generic/pgf/basiclayer/pgfcoreobjec
ts.code.tex
File: pgfcoreobjects.code.tex 2023-01-15 v3.1.10 (3.1.10)
)
(d:/Texlive2025/texlive/2025/texmf-dist/tex/generic/pgf/basiclayer/pgfcorepathp
rocessing.code.tex
File: pgfcorepathprocessing.code.tex 2023-01-15 v3.1.10 (3.1.10)
)
(d:/Texlive2025/texlive/2025/texmf-dist/tex/generic/pgf/basiclayer/pgfcorearrow
s.code.tex
File: pgfcorearrows.code.tex 2023-01-15 v3.1.10 (3.1.10)
\pgfarrowsep=\dimen276
)
(d:/Texlive2025/texlive/2025/texmf-dist/tex/generic/pgf/basiclayer/pgfcoreshade
.code.tex
File: pgfcoreshade.code.tex 2023-01-15 v3.1.10 (3.1.10)
\pgf@max=\dimen277
\pgf@sys@shading@range@num=\count312
\pgf@shadingcount=\count313
)
(d:/Texlive2025/texlive/2025/texmf-dist/tex/generic/pgf/basiclayer/pgfcoreimage
.code.tex
File: pgfcoreimage.code.tex 2023-01-15 v3.1.10 (3.1.10)
)
(d:/Texlive2025/texlive/2025/texmf-dist/tex/generic/pgf/basiclayer/pgfcoreexter
nal.code.tex
File: pgfcoreexternal.code.tex 2023-01-15 v3.1.10 (3.1.10)
\pgfexternal@startupbox=\box63
)
(d:/Texlive2025/texlive/2025/texmf-dist/tex/generic/pgf/basiclayer/pgfcorelayer
s.code.tex
File: pgfcorelayers.code.tex 2023-01-15 v3.1.10 (3.1.10)
)
(d:/Texlive2025/texlive/2025/texmf-dist/tex/generic/pgf/basiclayer/pgfcoretrans
parency.code.tex
File: pgfcoretransparency.code.tex 2023-01-15 v3.1.10 (3.1.10)
)
(d:/Texlive2025/texlive/2025/texmf-dist/tex/generic/pgf/basiclayer/pgfcorepatte
rns.code.tex
File: pgfcorepatterns.code.tex 2023-01-15 v3.1.10 (3.1.10)
)
(d:/Texlive2025/texlive/2025/texmf-dist/tex/generic/pgf/basiclayer/pgfcorerdf.c
ode.tex
File: pgfcorerdf.code.tex 2023-01-15 v3.1.10 (3.1.10)
)))
(d:/Texlive2025/texlive/2025/texmf-dist/tex/generic/pgf/modules/pgfmoduleshapes
.code.tex
File: pgfmoduleshapes.code.tex 2023-01-15 v3.1.10 (3.1.10)
\pgfnodeparttextbox=\box64
)
(d:/Texlive2025/texlive/2025/texmf-dist/tex/generic/pgf/modules/pgfmoduleplot.c
ode.tex
File: pgfmoduleplot.code.tex 2023-01-15 v3.1.10 (3.1.10)
)
(d:/Texlive2025/texlive/2025/texmf-dist/tex/latex/pgf/compatibility/pgfcomp-ver
sion-0-65.sty
Package: pgfcomp-version-0-65 2023-01-15 v3.1.10 (3.1.10)
\pgf@nodesepstart=\dimen278
\pgf@nodesepend=\dimen279
)
(d:/Texlive2025/texlive/2025/texmf-dist/tex/latex/pgf/compatibility/pgfcomp-ver
sion-1-18.sty
Package: pgfcomp-version-1-18 2023-01-15 v3.1.10 (3.1.10)
))
(d:/Texlive2025/texlive/2025/texmf-dist/tex/latex/pgf/utilities/pgffor.sty
(d:/Texlive2025/texlive/2025/texmf-dist/tex/latex/pgf/utilities/pgfkeys.sty
(d:/Texlive2025/texlive/2025/texmf-dist/tex/generic/pgf/utilities/pgfkeys.code.
tex)) (d:/Texlive2025/texlive/2025/texmf-dist/tex/latex/pgf/math/pgfmath.sty
(d:/Texlive2025/texlive/2025/texmf-dist/tex/generic/pgf/math/pgfmath.code.tex))

(d:/Texlive2025/texlive/2025/texmf-dist/tex/generic/pgf/utilities/pgffor.code.t
ex
Package: pgffor 2023-01-15 v3.1.10 (3.1.10)
\pgffor@iter=\dimen280
\pgffor@skip=\dimen281
\pgffor@stack=\toks31
\pgffor@toks=\toks32
))
(d:/Texlive2025/texlive/2025/texmf-dist/tex/generic/pgf/frontendlayer/tikz/tikz
.code.tex
Package: tikz 2023-01-15 v3.1.10 (3.1.10)

(d:/Texlive2025/texlive/2025/texmf-dist/tex/generic/pgf/libraries/pgflibraryplo
thandlers.code.tex
File: pgflibraryplothandlers.code.tex 2023-01-15 v3.1.10 (3.1.10)
\pgf@plot@mark@count=\count314
\pgfplotmarksize=\dimen282
)
\tikz@lastx=\dimen283
\tikz@lasty=\dimen284
\tikz@lastxsaved=\dimen285
\tikz@lastysaved=\dimen286
\tikz@lastmovetox=\dimen287
\tikz@lastmovetoy=\dimen288
\tikzleveldistance=\dimen289
\tikzsiblingdistance=\dimen290
\tikz@figbox=\box65
\tikz@figbox@bg=\box66
\tikz@tempbox=\box67
\tikz@tempbox@bg=\box68
\tikztreelevel=\count315
\tikznumberofchildren=\count316
\tikznumberofcurrentchild=\count317
\tikz@fig@count=\count318

(d:/Texlive2025/texlive/2025/texmf-dist/tex/generic/pgf/modules/pgfmodulematrix
.code.tex
File: pgfmodulematrix.code.tex 2023-01-15 v3.1.10 (3.1.10)
\pgfmatrixcurrentrow=\count319
\pgfmatrixcurrentcolumn=\count320
\pgf@matrix@numberofcolumns=\count321
)
\tikz@expandcount=\count322

(d:/Texlive2025/texlive/2025/texmf-dist/tex/generic/pgf/frontendlayer/tikz/libr
aries/tikzlibrarytopaths.code.tex
File: tikzlibrarytopaths.code.tex 2023-01-15 v3.1.10 (3.1.10)
)))
(d:/Texlive2025/texlive/2025/texmf-dist/tex/latex/pgfplots/pgfplots.sty
(d:/Texlive2025/texlive/2025/texmf-dist/tex/generic/pgfplots/pgfplots.revision.
tex)
Package: pgfplots 2021/05/15 v1.18.1 Data Visualization (1.18.1)

(d:/Texlive2025/texlive/2025/texmf-dist/tex/generic/pgfplots/pgfplots.code.tex
(d:/Texlive2025/texlive/2025/texmf-dist/tex/generic/pgfplots/pgfplotscore.code.
tex
\t@pgfplots@toka=\toks33
\t@pgfplots@tokb=\toks34
\t@pgfplots@tokc=\toks35
\pgfplots@tmpa=\dimen291
\c@pgfplots@coordindex=\count323
\c@pgfplots@scanlineindex=\count324

(d:/Texlive2025/texlive/2025/texmf-dist/tex/generic/pgfplots/sys/pgfplotssysgen
eric.code.tex))
(d:/Texlive2025/texlive/2025/texmf-dist/tex/generic/pgfplots/libs/pgfplotslibra
ry.code.tex)
(d:/Texlive2025/texlive/2025/texmf-dist/tex/generic/pgfplots/oldpgfcompatib/pgf
plotsoldpgfsupp_loader.code.tex
(d:/Texlive2025/texlive/2025/texmf-dist/tex/generic/pgf/libraries/pgflibraryfpu
.code.tex)
Package pgfplots: loading complementary utilities for your pgf version...
\t@pgf@toka=\toks36
\t@pgf@tokb=\toks37
\t@pgf@tokc=\toks38

(d:/Texlive2025/texlive/2025/texmf-dist/tex/generic/pgfplots/oldpgfcompatib/pgf
plotsoldpgfsupp_pgfutil-common-lists.tex))
(d:/Texlive2025/texlive/2025/texmf-dist/tex/generic/pgfplots/util/pgfplotsutil.
code.tex
(d:/Texlive2025/texlive/2025/texmf-dist/tex/generic/pgfplots/liststructure/pgfp
lotsliststructure.code.tex)
(d:/Texlive2025/texlive/2025/texmf-dist/tex/generic/pgfplots/liststructure/pgfp
lotsliststructureext.code.tex)
(d:/Texlive2025/texlive/2025/texmf-dist/tex/generic/pgfplots/liststructure/pgfp
lotsarray.code.tex
\c@pgfplotsarray@tmp=\count325
)
(d:/Texlive2025/texlive/2025/texmf-dist/tex/generic/pgfplots/liststructure/pgfp
lotsmatrix.code.tex)
(d:/Texlive2025/texlive/2025/texmf-dist/tex/generic/pgfplots/numtable/pgfplotst
ableshared.code.tex
\c@pgfplotstable@counta=\count326
\t@pgfplotstable@a=\toks39
)
(d:/Texlive2025/texlive/2025/texmf-dist/tex/generic/pgfplots/liststructure/pgfp
lotsdeque.code.tex)
(d:/Texlive2025/texlive/2025/texmf-dist/tex/generic/pgfplots/util/pgfplotsbinar
y.code.tex
(d:/Texlive2025/texlive/2025/texmf-dist/tex/generic/pgfplots/util/pgfplotsbinar
y.data.code.tex))
(d:/Texlive2025/texlive/2025/texmf-dist/tex/generic/pgfplots/util/pgfplotsutil.
verb.code.tex)
(d:/Texlive2025/texlive/2025/texmf-dist/tex/generic/pgfplots/libs/pgflibrarypgf
plots.surfshading.code.tex
\c@pgfplotslibrarysurf@no=\count327

(d:/Texlive2025/texlive/2025/texmf-dist/tex/generic/pgfplots/sys/pgflibrarypgfp
lots.surfshading.pgfsys-xetex.def
(d:/Texlive2025/texlive/2025/texmf-dist/tex/generic/pgfplots/sys/pgflibrarypgfp
lots.surfshading.pgfsys-dvipdfmx.def
\c@pgfplotslibrarysurf@streamlen=\count328
))))
(d:/Texlive2025/texlive/2025/texmf-dist/tex/generic/pgfplots/util/pgfplotscolor
map.code.tex
(d:/Texlive2025/texlive/2025/texmf-dist/tex/generic/pgfplots/util/pgfplotscolor
.code.tex))
(d:/Texlive2025/texlive/2025/texmf-dist/tex/generic/pgfplots/pgfplotsstackedplo
ts.code.tex)
(d:/Texlive2025/texlive/2025/texmf-dist/tex/generic/pgfplots/pgfplotsplothandle
rs.code.tex
(d:/Texlive2025/texlive/2025/texmf-dist/tex/generic/pgfplots/pgfplotsmeshplotha
ndler.code.tex
(d:/Texlive2025/texlive/2025/texmf-dist/tex/generic/pgfplots/pgfplotsmeshplotim
age.code.tex)))
(d:/Texlive2025/texlive/2025/texmf-dist/tex/generic/pgfplots/pgfplots.scaling.c
ode.tex)
(d:/Texlive2025/texlive/2025/texmf-dist/tex/generic/pgfplots/pgfplotscoordproce
ssing.code.tex)
(d:/Texlive2025/texlive/2025/texmf-dist/tex/generic/pgfplots/pgfplots.errorbars
.code.tex)
(d:/Texlive2025/texlive/2025/texmf-dist/tex/generic/pgfplots/pgfplots.markers.c
ode.tex)
(d:/Texlive2025/texlive/2025/texmf-dist/tex/generic/pgfplots/pgfplotsticks.code
.tex)
(d:/Texlive2025/texlive/2025/texmf-dist/tex/generic/pgfplots/pgfplots.paths.cod
e.tex)
(d:/Texlive2025/texlive/2025/texmf-dist/tex/generic/pgf/frontendlayer/tikz/libr
aries/tikzlibrarydecorations.code.tex
(d:/Texlive2025/texlive/2025/texmf-dist/tex/generic/pgf/modules/pgfmoduledecora
tions.code.tex
\pgfdecoratedcompleteddistance=\dimen292
\pgfdecoratedremainingdistance=\dimen293
\pgfdecoratedinputsegmentcompleteddistance=\dimen294
\pgfdecoratedinputsegmentremainingdistance=\dimen295
\pgf@decorate@distancetomove=\dimen296
\pgf@decorate@repeatstate=\count329
\pgfdecorationsegmentamplitude=\dimen297
\pgfdecorationsegmentlength=\dimen298
)
\tikz@lib@dec@box=\box69
)
(d:/Texlive2025/texlive/2025/texmf-dist/tex/generic/pgf/frontendlayer/tikz/libr
aries/tikzlibrarydecorations.pathmorphing.code.tex
(d:/Texlive2025/texlive/2025/texmf-dist/tex/generic/pgf/libraries/decorations/p
gflibrarydecorations.pathmorphing.code.tex))
(d:/Texlive2025/texlive/2025/texmf-dist/tex/generic/pgf/frontendlayer/tikz/libr
aries/tikzlibrarydecorations.pathreplacing.code.tex
(d:/Texlive2025/texlive/2025/texmf-dist/tex/generic/pgf/libraries/decorations/p
gflibrarydecorations.pathreplacing.code.tex))
(d:/Texlive2025/texlive/2025/texmf-dist/tex/generic/pgfplots/libs/tikzlibrarypg
fplots.contourlua.code.tex)
\pgfplots@numplots=\count330
\pgfplots@xmin@reg=\dimen299
\pgfplots@xmax@reg=\dimen300
\pgfplots@ymin@reg=\dimen301
\pgfplots@ymax@reg=\dimen302
\pgfplots@zmin@reg=\dimen303
\pgfplots@zmax@reg=\dimen304
)
(d:/Texlive2025/texlive/2025/texmf-dist/tex/generic/pgf/frontendlayer/tikz/libr
aries/tikzlibraryplotmarks.code.tex
File: tikzlibraryplotmarks.code.tex 2023-01-15 v3.1.10 (3.1.10)

(d:/Texlive2025/texlive/2025/texmf-dist/tex/generic/pgf/libraries/pgflibraryplo
tmarks.code.tex
File: pgflibraryplotmarks.code.tex 2023-01-15 v3.1.10 (3.1.10)
)))
(d:/Texlive2025/texlive/2025/texmf-dist/tex/latex/amsmath/amsmath.sty
Package: amsmath 2024/11/05 v2.17t AMS math features
\@mathmargin=\skip60

For additional information on amsmath, use the `?' option.
(d:/Texlive2025/texlive/2025/texmf-dist/tex/latex/amsmath/amstext.sty
Package: amstext 2021/08/26 v2.01 AMS text

(d:/Texlive2025/texlive/2025/texmf-dist/tex/latex/amsmath/amsgen.sty
File: amsgen.sty 1999/11/30 v2.0 generic functions
\@emptytoks=\toks40
\ex@=\dimen305
))
(d:/Texlive2025/texlive/2025/texmf-dist/tex/latex/amsmath/amsbsy.sty
Package: amsbsy 1999/11/29 v1.2d Bold Symbols
\pmbraise@=\dimen306
)
(d:/Texlive2025/texlive/2025/texmf-dist/tex/latex/amsmath/amsopn.sty
Package: amsopn 2022/04/08 v2.04 operator names
)
\inf@bad=\count331
LaTeX Info: Redefining \frac on input line 233.
\uproot@=\count332
\leftroot@=\count333
LaTeX Info: Redefining \overline on input line 398.
LaTeX Info: Redefining \colon on input line 409.
\classnum@=\count334
\DOTSCASE@=\count335
LaTeX Info: Redefining \ldots on input line 495.
LaTeX Info: Redefining \dots on input line 498.
LaTeX Info: Redefining \cdots on input line 619.
\Mathstrutbox@=\box70
\strutbox@=\box71
LaTeX Info: Redefining \big on input line 721.
LaTeX Info: Redefining \Big on input line 722.
LaTeX Info: Redefining \bigg on input line 723.
LaTeX Info: Redefining \Bigg on input line 724.
\big@size=\dimen307
LaTeX Font Info:    Redeclaring font encoding OML on input line 742.
LaTeX Font Info:    Redeclaring font encoding OMS on input line 743.
\macc@depth=\count336
LaTeX Info: Redefining \bmod on input line 904.
LaTeX Info: Redefining \pmod on input line 909.
LaTeX Info: Redefining \smash on input line 939.
LaTeX Info: Redefining \relbar on input line 969.
LaTeX Info: Redefining \Relbar on input line 970.
\c@MaxMatrixCols=\count337
\dotsspace@=\muskip17
\c@parentequation=\count338
\dspbrk@lvl=\count339
\tag@help=\toks41
\row@=\count340
\column@=\count341
\maxfields@=\count342
\andhelp@=\toks42
\eqnshift@=\dimen308
\alignsep@=\dimen309
\tagshift@=\dimen310
\tagwidth@=\dimen311
\totwidth@=\dimen312
\lineht@=\dimen313
\@envbody=\toks43
\multlinegap=\skip61
\multlinetaggap=\skip62
\mathdisplay@stack=\toks44
LaTeX Info: Redefining \[ on input line 2953.
LaTeX Info: Redefining \] on input line 2954.
)
(d:/Texlive2025/texlive/2025/texmf-dist/tex/latex/amsfonts/amssymb.sty
Package: amssymb 2013/01/14 v3.01 AMS font symbols

(d:/Texlive2025/texlive/2025/texmf-dist/tex/latex/amsfonts/amsfonts.sty
Package: amsfonts 2013/01/14 v3.01 Basic AMSFonts support
\symAMSa=\mathgroup4
\symAMSb=\mathgroup5
LaTeX Font Info:    Redeclaring math symbol \hbar on input line 98.
LaTeX Font Info:    Overwriting math alphabet `\mathfrak' in version `bold'
(Font)                  U/euf/m/n --> U/euf/b/n on input line 106.
))
(d:/Texlive2025/texlive/2025/texmf-dist/tex/latex/tools/array.sty
Package: array 2024/10/17 v2.6g Tabular extension package (FMi)
\col@sep=\dimen314
\ar@mcellbox=\box72
\extrarowheight=\dimen315
\NC@list=\toks45
\extratabsurround=\skip63
\backup@length=\skip64
\ar@cellbox=\box73
)
(d:/Texlive2025/texlive/2025/texmf-dist/tex/latex/multirow/multirow.sty
Package: multirow 2024/11/12 v2.9 Span multiple rows of a table
\multirow@colwidth=\skip65
\multirow@cntb=\count343
\multirow@dima=\skip66
\bigstrutjot=\dimen316
)
(d:/Texlive2025/texlive/2025/texmf-dist/tex/latex/tools/tabularx.sty
Package: tabularx 2023/12/11 v2.12a `tabularx' package (DPC)
\TX@col@width=\dimen317
\TX@old@table=\dimen318
\TX@old@col=\dimen319
\TX@target=\dimen320
\TX@delta=\dimen321
\TX@cols=\count344
\TX@ftn=\toks46
)
(d:/Texlive2025/texlive/2025/texmf-dist/tex/latex/booktabs/booktabs.sty
Package: booktabs 2020/01/12 v1.61803398 Publication quality tables
\heavyrulewidth=\dimen322
\lightrulewidth=\dimen323
\cmidrulewidth=\dimen324
\belowrulesep=\dimen325
\belowbottomsep=\dimen326
\aboverulesep=\dimen327
\abovetopsep=\dimen328
\cmidrulesep=\dimen329
\cmidrulekern=\dimen330
\defaultaddspace=\dimen331
\@cmidla=\count345
\@cmidlb=\count346
\@aboverulesep=\dimen332
\@belowrulesep=\dimen333
\@thisruleclass=\count347
\@lastruleclass=\count348
\@thisrulewidth=\dimen334
)
(d:/Texlive2025/texlive/2025/texmf-dist/tex/latex/fancyhdr/fancyhdr.sty
Package: fancyhdr 2025/02/07 v5.2 Extensive control of page headers and footers

\f@nch@headwidth=\skip67
\f@nch@offset@elh=\skip68
\f@nch@offset@erh=\skip69
\f@nch@offset@olh=\skip70
\f@nch@offset@orh=\skip71
\f@nch@offset@elf=\skip72
\f@nch@offset@erf=\skip73
\f@nch@offset@olf=\skip74
\f@nch@offset@orf=\skip75
\f@nch@height=\skip76
\f@nch@footalignment=\skip77
\f@nch@widthL=\skip78
\f@nch@widthC=\skip79
\f@nch@widthR=\skip80
\@temptokenb=\toks47
)
(d:/Texlive2025/texlive/2025/texmf-dist/tex/latex/setspace/setspace.sty
Package: setspace 2022/12/04 v6.7b set line spacing
)
(d:/Texlive2025/texlive/2025/texmf-dist/tex/latex/hyperref/hyperref.sty
Package: hyperref 2024-11-05 v7.01l Hypertext links for LaTeX

(d:/Texlive2025/texlive/2025/texmf-dist/tex/latex/kvsetkeys/kvsetkeys.sty
Package: kvsetkeys 2022-10-05 v1.19 Key value parser (HO)
)
(d:/Texlive2025/texlive/2025/texmf-dist/tex/generic/kvdefinekeys/kvdefinekeys.s
ty
Package: kvdefinekeys 2019-12-19 v1.6 Define keys (HO)
) (d:/Texlive2025/texlive/2025/texmf-dist/tex/generic/pdfescape/pdfescape.sty
Package: pdfescape 2019/12/09 v1.15 Implements pdfTeX's escape features (HO)
(d:/Texlive2025/texlive/2025/texmf-dist/tex/generic/ltxcmds/ltxcmds.sty
Package: ltxcmds 2023-12-04 v1.26 LaTeX kernel commands for general use (HO)
)
(d:/Texlive2025/texlive/2025/texmf-dist/tex/generic/pdftexcmds/pdftexcmds.sty
Package: pdftexcmds 2020-06-27 v0.33 Utility functions of pdfTeX for LuaTeX (HO
)

(d:/Texlive2025/texlive/2025/texmf-dist/tex/generic/infwarerr/infwarerr.sty
Package: infwarerr 2019/12/03 v1.5 Providing info/warning/error messages (HO)
)
Package pdftexcmds Info: \pdf@primitive is available.
Package pdftexcmds Info: \pdf@ifprimitive is available.
Package pdftexcmds Info: \pdfdraftmode not found.
))
(d:/Texlive2025/texlive/2025/texmf-dist/tex/latex/hycolor/hycolor.sty
Package: hycolor 2020-01-27 v1.10 Color options for hyperref/bookmark (HO)
)
(d:/Texlive2025/texlive/2025/texmf-dist/tex/latex/hyperref/nameref.sty
Package: nameref 2023-11-26 v2.56 Cross-referencing by name of section

(d:/Texlive2025/texlive/2025/texmf-dist/tex/latex/refcount/refcount.sty
Package: refcount 2019/12/15 v3.6 Data extraction from label references (HO)
)
(d:/Texlive2025/texlive/2025/texmf-dist/tex/generic/gettitlestring/gettitlestri
ng.sty
Package: gettitlestring 2019/12/15 v1.6 Cleanup title references (HO)

(d:/Texlive2025/texlive/2025/texmf-dist/tex/latex/kvoptions/kvoptions.sty
Package: kvoptions 2022-06-15 v3.15 Key value format for package options (HO)
))
\c@section@level=\count349
)
(d:/Texlive2025/texlive/2025/texmf-dist/tex/latex/etoolbox/etoolbox.sty
Package: etoolbox 2025/02/11 v2.5l e-TeX tools for LaTeX (JAW)
\etb@tempcnta=\count350
)
(d:/Texlive2025/texlive/2025/texmf-dist/tex/generic/stringenc/stringenc.sty
Package: stringenc 2019/11/29 v1.12 Convert strings between diff. encodings (HO
)
)
\@linkdim=\dimen335
\Hy@linkcounter=\count351
\Hy@pagecounter=\count352

(d:/Texlive2025/texlive/2025/texmf-dist/tex/latex/hyperref/pd1enc.def
File: pd1enc.def 2024-11-05 v7.01l Hyperref: PDFDocEncoding definition (HO)
)
(d:/Texlive2025/texlive/2025/texmf-dist/tex/generic/intcalc/intcalc.sty
Package: intcalc 2019/12/15 v1.3 Expandable calculations with integers (HO)
)
\Hy@SavedSpaceFactor=\count353

(d:/Texlive2025/texlive/2025/texmf-dist/tex/latex/hyperref/puenc.def
File: puenc.def 2024-11-05 v7.01l Hyperref: PDF Unicode definition (HO)
)
Package hyperref Info: Option `unicode' set `true' on input line 4040.
Package hyperref Info: Option `colorlinks' set `true' on input line 4040.
Package hyperref Info: Hyper figures OFF on input line 4157.
Package hyperref Info: Link nesting OFF on input line 4162.
Package hyperref Info: Hyper index ON on input line 4165.
Package hyperref Info: Plain pages OFF on input line 4172.
Package hyperref Info: Backreferencing OFF on input line 4177.
Package hyperref Info: Implicit mode ON; LaTeX internals redefined.
Package hyperref Info: Bookmarks ON on input line 4424.
\c@Hy@tempcnt=\count354

(d:/Texlive2025/texlive/2025/texmf-dist/tex/latex/url/url.sty
\Urlmuskip=\muskip18
Package: url 2013/09/16  ver 3.4  Verb mode for urls, etc.
)
LaTeX Info: Redefining \url on input line 4763.
\XeTeXLinkMargin=\dimen336

(d:/Texlive2025/texlive/2025/texmf-dist/tex/generic/bitset/bitset.sty
Package: bitset 2019/12/09 v1.3 Handle bit-vector datatype (HO)

(d:/Texlive2025/texlive/2025/texmf-dist/tex/generic/bigintcalc/bigintcalc.sty
Package: bigintcalc 2019/12/15 v1.5 Expandable calculations on big integers (HO
)
))
\Fld@menulength=\count355
\Field@Width=\dimen337
\Fld@charsize=\dimen338
Package hyperref Info: Hyper figures OFF on input line 6042.
Package hyperref Info: Link nesting OFF on input line 6047.
Package hyperref Info: Hyper index ON on input line 6050.
Package hyperref Info: backreferencing OFF on input line 6057.
Package hyperref Info: Link coloring ON on input line 6060.
Package hyperref Info: Link coloring with OCG OFF on input line 6067.
Package hyperref Info: PDF/A mode OFF on input line 6072.
(d:/Texlive2025/texlive/2025/texmf-dist/tex/latex/base/atbegshi-ltx.sty
Package: atbegshi-ltx 2021/01/10 v1.0c Emulation of the original atbegshi
package with kernel methods
)
\Hy@abspage=\count356
\c@Item=\count357
\c@Hfootnote=\count358
)
Package hyperref Info: Driver (autodetected): hxetex.

(d:/Texlive2025/texlive/2025/texmf-dist/tex/latex/hyperref/hxetex.def
File: hxetex.def 2024-11-05 v7.01l Hyperref driver for XeTeX
\pdfm@box=\box74
\c@Hy@AnnotLevel=\count359
\HyField@AnnotCount=\count360
\Fld@listcount=\count361
\c@bookmark@seq@number=\count362

(d:/Texlive2025/texlive/2025/texmf-dist/tex/latex/rerunfilecheck/rerunfilecheck
.sty
Package: rerunfilecheck 2022-07-10 v1.10 Rerun checks for auxiliary files (HO)
 (d:/Texlive2025/texlive/2025/texmf-dist/tex/latex/base/atveryend-ltx.sty
Package: atveryend-ltx 2020/08/19 v1.0a Emulation of the original atveryend pac
kage
with kernel methods
)
(d:/Texlive2025/texlive/2025/texmf-dist/tex/generic/uniquecounter/uniquecounter
.sty
Package: uniquecounter 2019/12/15 v1.4 Provide unlimited unique counter (HO)
)
Package uniquecounter Info: New unique counter `rerunfilecheck' on input line 2
85.
)
\Hy@SectionHShift=\skip81
) (d:/Texlive2025/texlive/2025/texmf-dist/tex/latex/gbt7714/gbt7714.sty
Package: gbt7714 2022/10/03 v2.1.5 GB/T 7714 BibTeX Style

(d:/Texlive2025/texlive/2025/texmf-dist/tex/latex/natbib/natbib.sty
Package: natbib 2010/09/13 8.31b (PWD, AO)
\bibhang=\skip82
\bibsep=\skip83
LaTeX Info: Redefining \cite on input line 694.
\c@NAT@ctr=\count363
))

Package xeCJK Warning: Redefining CJKfamily `\CJKsfdefault' (Microsoft YaHei).

(./main_unified.aux)
\openout1 = `main_unified.aux'.

LaTeX Font Info:    Checking defaults for OML/cmm/m/it on input line 148.
LaTeX Font Info:    ... okay on input line 148.
LaTeX Font Info:    Checking defaults for OMS/cmsy/m/n on input line 148.
LaTeX Font Info:    ... okay on input line 148.
LaTeX Font Info:    Checking defaults for OT1/cmr/m/n on input line 148.
LaTeX Font Info:    ... okay on input line 148.
LaTeX Font Info:    Checking defaults for T1/cmr/m/n on input line 148.
LaTeX Font Info:    ... okay on input line 148.
LaTeX Font Info:    Checking defaults for TS1/cmr/m/n on input line 148.
LaTeX Font Info:    ... okay on input line 148.
LaTeX Font Info:    Checking defaults for TU/lmr/m/n on input line 148.
LaTeX Font Info:    ... okay on input line 148.
LaTeX Font Info:    Checking defaults for OMX/cmex/m/n on input line 148.
LaTeX Font Info:    ... okay on input line 148.
LaTeX Font Info:    Checking defaults for U/cmr/m/n on input line 148.
LaTeX Font Info:    ... okay on input line 148.
LaTeX Font Info:    Checking defaults for PD1/pdf/m/n on input line 148.
LaTeX Font Info:    ... okay on input line 148.
LaTeX Font Info:    Checking defaults for PU/pdf/m/n on input line 148.
LaTeX Font Info:    ... okay on input line 148.

Package fontspec Info: 
(fontspec)             Adjusting the maths setup (use [no-math] to avoid
(fontspec)             this).

\symlegacymaths=\mathgroup6
LaTeX Font Info:    Overwriting symbol font `legacymaths' in version `bold'
(Font)                  OT1/cmr/m/n --> OT1/cmr/bx/n on input line 148.
LaTeX Font Info:    Redeclaring math accent \acute on input line 148.
LaTeX Font Info:    Redeclaring math accent \grave on input line 148.
LaTeX Font Info:    Redeclaring math accent \ddot on input line 148.
LaTeX Font Info:    Redeclaring math accent \tilde on input line 148.
LaTeX Font Info:    Redeclaring math accent \bar on input line 148.
LaTeX Font Info:    Redeclaring math accent \breve on input line 148.
LaTeX Font Info:    Redeclaring math accent \check on input line 148.
LaTeX Font Info:    Redeclaring math accent \hat on input line 148.
LaTeX Font Info:    Redeclaring math accent \dot on input line 148.
LaTeX Font Info:    Redeclaring math accent \mathring on input line 148.
LaTeX Font Info:    Redeclaring math symbol \Gamma on input line 148.
LaTeX Font Info:    Redeclaring math symbol \Delta on input line 148.
LaTeX Font Info:    Redeclaring math symbol \Theta on input line 148.
LaTeX Font Info:    Redeclaring math symbol \Lambda on input line 148.
LaTeX Font Info:    Redeclaring math symbol \Xi on input line 148.
LaTeX Font Info:    Redeclaring math symbol \Pi on input line 148.
LaTeX Font Info:    Redeclaring math symbol \Sigma on input line 148.
LaTeX Font Info:    Redeclaring math symbol \Upsilon on input line 148.
LaTeX Font Info:    Redeclaring math symbol \Phi on input line 148.
LaTeX Font Info:    Redeclaring math symbol \Psi on input line 148.
LaTeX Font Info:    Redeclaring math symbol \Omega on input line 148.
LaTeX Font Info:    Redeclaring math symbol \mathdollar on input line 148.
LaTeX Font Info:    Redeclaring symbol font `operators' on input line 148.
LaTeX Font Info:    Encoding `OT1' has changed to `TU' for symbol font
(Font)              `operators' in the math version `normal' on input line 148.

LaTeX Font Info:    Overwriting symbol font `operators' in version `normal'
(Font)                  OT1/cmr/m/n --> TU/lmr/m/n on input line 148.
LaTeX Font Info:    Encoding `OT1' has changed to `TU' for symbol font
(Font)              `operators' in the math version `bold' on input line 148.
LaTeX Font Info:    Overwriting symbol font `operators' in version `bold'
(Font)                  OT1/cmr/bx/n --> TU/lmr/m/n on input line 148.
LaTeX Font Info:    Overwriting symbol font `operators' in version `normal'
(Font)                  TU/lmr/m/n --> TU/lmr/m/n on input line 148.
LaTeX Font Info:    Overwriting math alphabet `\mathit' in version `normal'
(Font)                  OT1/cmr/m/it --> TU/lmr/m/it on input line 148.
LaTeX Font Info:    Overwriting math alphabet `\mathbf' in version `normal'
(Font)                  OT1/cmr/bx/n --> TU/lmr/b/n on input line 148.
LaTeX Font Info:    Overwriting math alphabet `\mathsf' in version `normal'
(Font)                  OT1/cmss/m/n --> TU/lmss/m/n on input line 148.
LaTeX Font Info:    Overwriting math alphabet `\mathtt' in version `normal'
(Font)                  OT1/cmtt/m/n --> TU/lmtt/m/n on input line 148.
LaTeX Font Info:    Overwriting symbol font `operators' in version `bold'
(Font)                  TU/lmr/m/n --> TU/lmr/b/n on input line 148.
LaTeX Font Info:    Overwriting math alphabet `\mathit' in version `bold'
(Font)                  OT1/cmr/bx/it --> TU/lmr/b/it on input line 148.
LaTeX Font Info:    Overwriting math alphabet `\mathsf' in version `bold'
(Font)                  OT1/cmss/bx/n --> TU/lmss/b/n on input line 148.
LaTeX Font Info:    Overwriting math alphabet `\mathtt' in version `bold'
(Font)                  OT1/cmtt/m/n --> TU/lmtt/b/n on input line 148.

*geometry* driver: auto-detecting
*geometry* detected driver: xetex
*geometry* verbose mode - [ preamble ] result:
* driver: xetex
* paper: a4paper
* layout: <same size as paper>
* layoutoffset:(h,v)=(0.0pt,0.0pt)
* modes: 
* h-part:(L,W,R)=(71.13188pt, 455.24411pt, 71.13188pt)
* v-part:(T,H,B)=(71.13188pt, 702.78308pt, 71.13188pt)
* \paperwidth=597.50787pt
* \paperheight=845.04684pt
* \textwidth=455.24411pt
* \textheight=702.78308pt
* \oddsidemargin=-1.1381pt
* \evensidemargin=-1.1381pt
* \topmargin=-38.1381pt
* \headheight=12.0pt
* \headsep=25.0pt
* \topskip=12.0pt
* \footskip=30.0pt
* \marginparwidth=35.0pt
* \marginparsep=10.0pt
* \columnsep=10.0pt
* \skip\footins=10.8pt plus 4.0pt minus 2.0pt
* \hoffset=0.0pt
* \voffset=0.0pt
* \mag=1000
* \@twocolumnfalse
* \@twosidefalse
* \@mparswitchfalse
* \@reversemarginfalse
* (1in=72.27pt=25.4mm, 1cm=28.453pt)

Package pgfplots notification 'compat/show suggested version=true': document ha
s been generated with the most recent feature set (\pgfplotsset{compat=1.18}).

Package hyperref Info: Link coloring ON on input line 148.
(./main_unified.out) (./main_unified.out)
\@outlinefile=\write4
\openout4 = `main_unified.out'.


Package fontspec Info: 
(fontspec)             Could not resolve font "Microsoft YaHei/I" (it probably
(fontspec)             doesn't exist).


Package fontspec Info: 
(fontspec)             Font family 'MicrosoftYaHei(0)' created for font
(fontspec)             'Microsoft YaHei' with options [Script={CJK}].
(fontspec)              
(fontspec)              This font family consists of the following NFSS
(fontspec)             series/shapes:
(fontspec)              
(fontspec)             - 'normal' (m/n) with NFSS spec.: <->"Microsoft
(fontspec)             YaHei/OT:script=hani;language=dflt;"
(fontspec)             - 'bold' (b/n) with NFSS spec.: <->"Microsoft
(fontspec)             YaHei/B/OT:script=hani;language=dflt;"
(fontspec)             - 'bold italic' (b/it) with NFSS spec.: <->"Microsoft
(fontspec)             YaHei/BI/OT:script=hani;language=dflt;"

LaTeX Font Info:    Trying to load font information for U+msa on input line 208
.

(d:/Texlive2025/texlive/2025/texmf-dist/tex/latex/amsfonts/umsa.fd
File: umsa.fd 2013/01/14 v3.01 AMS symbols A
)
LaTeX Font Info:    Trying to load font information for U+msb on input line 208
.

(d:/Texlive2025/texlive/2025/texmf-dist/tex/latex/amsfonts/umsb.fd
File: umsb.fd 2013/01/14 v3.01 AMS symbols B
)

[1

]

Package fontspec Info: 
(fontspec)             Could not resolve font "SimHei/BI" (it probably doesn't
(fontspec)             exist).


Package fontspec Info: 
(fontspec)             Could not resolve font "SimHei/B" (it probably doesn't
(fontspec)             exist).


Package fontspec Info: 
(fontspec)             Could not resolve font "SimHei/I" (it probably doesn't
(fontspec)             exist).


Package fontspec Info: 
(fontspec)             Font family 'SimHei(0)' created for font 'SimHei' with
(fontspec)             options [Script={CJK}].
(fontspec)              
(fontspec)              This font family consists of the following NFSS
(fontspec)             series/shapes:
(fontspec)              
(fontspec)             - 'normal' (m/n) with NFSS spec.:
(fontspec)             <->"SimHei/OT:script=hani;language=dflt;"



LaTeX Font Warning: Font shape `TU/SimHei(0)/b/n' undefined
(Font)              using `TU/SimHei(0)/m/n' instead on input line 231.



[2]

[1]

[2]

[3]

[4]

[5]

[6]

[7]

[8]
File: figures/q4_analysis.png Graphic file (type bmp)
<figures/q4_analysis.png>


[9]

[10]

LaTeX Warning: File `figures/heatmap_12h_3d.png' not found on input line 634.

! Unable to load picture or PDF file 'figures/heatmap_12h_3d.png'.
<to be read again> 
                   }
l.634 ...85\textwidth]{figures/heatmap_12h_3d.png}
                                                  
The requested image couldn't be read because
it was not a recognized image format.


! Package graphics Error: Division by 0.

See the graphics package documentation for explanation.
Type  H <return>  for immediate help.
 ...                                              
                                                  
l.634 ...85\textwidth]{figures/heatmap_12h_3d.png}
                                                  
Your command was ignored.
Type  I <command> <return>  to replace it with another command,
or  <return>  to continue without it.

File: figures/heatmap_12h_3d.png Graphic file (type bmp)
<figures/heatmap_12h_3d.png>

LaTeX Warning: File `figures/heatmap_13h_3d.png' not found on input line 641.

! Unable to load picture or PDF file 'figures/heatmap_13h_3d.png'.
<to be read again> 
                   }
l.641 ...85\textwidth]{figures/heatmap_13h_3d.png}
                                                  
The requested image couldn't be read because
it was not a recognized image format.


! Package graphics Error: Division by 0.

See the graphics package documentation for explanation.
Type  H <return>  for immediate help.
 ...                                              
                                                  
l.641 ...85\textwidth]{figures/heatmap_13h_3d.png}
                                                  
Your command was ignored.
Type  I <command> <return>  to replace it with another command,
or  <return>  to continue without it.

File: figures/heatmap_13h_3d.png Graphic file (type bmp)
<figures/heatmap_13h_3d.png>
File: figures/q4_heatmap.png Graphic file (type bmp)
<figures/q4_heatmap.png>


[11]

Package natbib Warning: Citation `xiao2020parking' on page 12 undefined on inpu
t line 665.


Overfull \hbox (83.30087pt too wide) in paragraph at lines 683--684
[]\TU/SimSun(0)/m/n/12.045 将 用 户 最 大 步 行 距 离 $\OML/cmm/m/it/12.045 w[]$ \TU/Sim
Sun(0)/m/n/12.045 按 基 准 值  |（平 均 \TU/lmr/m/n/12.045 15.33 m\TU/SimSun(0)/m/n/12
.045 ）|  进 行 缩 放，|  缩 放 因 子 取 $\OMS/cmsy/m/n/12.045 f\OT1/cmr/m/n/12.045 0\OML/
cmm/m/it/12.045 :\OT1/cmr/m/n/12.045 5\OML/cmm/m/it/12.045 ; \OT1/cmr/m/n/12.04
5 0\OML/cmm/m/it/12.045 :\OT1/cmr/m/n/12.045 75\OML/cmm/m/it/12.045 ; \OT1/cmr/
m/n/12.045 1\OML/cmm/m/it/12.045 :\OT1/cmr/m/n/12.045 0\OML/cmm/m/it/12.045 ; \
OT1/cmr/m/n/12.045 1\OML/cmm/m/it/12.045 :\OT1/cmr/m/n/12.045 25\OML/cmm/m/it/1
2.045 ; \OT1/cmr/m/n/12.045 1\OML/cmm/m/it/12.045 :\OT1/cmr/m/n/12.045 5\OML/cm
m/m/it/12.045 ; \OT1/cmr/m/n/12.045 2\OML/cmm/m/it/12.045 :\OT1/cmr/m/n/12.045 
0\OMS/cmsy/m/n/12.045 g$\TU/SimSun(0)/m/n/12.045 ，|
 []


Overfull \hbox (9.11475pt too wide) in paragraph at lines 689--701
 [][] 
 []

File: figures/sensitivity_analysis.png Graphic file (type bmp)
<figures/sensitivity_analysis.png>


[12]

LaTeX Warning: Reference `tab:sens-duration' on page 13 undefined on input line
 722.


Overfull \hbox (29.15167pt too wide) in paragraph at lines 722--723
[]\TU/SimSun(0)/m/n/12.045 将 用 户 停 车 时 长 按 基 准 值  |（平 均 \TU/lmr/m/n/12.045 1.76
 \TU/SimSun(0)/m/n/12.045 小 时）|  进 行 缩 放，|  缩 放 因 子 取 $\OMS/cmsy/m/n/12.045 f\O
T1/cmr/m/n/12.045 0\OML/cmm/m/it/12.045 :\OT1/cmr/m/n/12.045 5\OML/cmm/m/it/12.
045 ; \OT1/cmr/m/n/12.045 0\OML/cmm/m/it/12.045 :\OT1/cmr/m/n/12.045 75\OML/cmm
/m/it/12.045 ; \OT1/cmr/m/n/12.045 1\OML/cmm/m/it/12.045 :\OT1/cmr/m/n/12.045 0
\OML/cmm/m/it/12.045 ; \OT1/cmr/m/n/12.045 1\OML/cmm/m/it/12.045 :\OT1/cmr/m/n/
12.045 25\OML/cmm/m/it/12.045 ; \OT1/cmr/m/n/12.045 1\OML/cmm/m/it/12.045 :\OT1
/cmr/m/n/12.045 5\OMS/cmsy/m/n/12.045 g$\TU/SimSun(0)/m/n/12.045 ，|
 []



[13